    1  exit
    2  exit 
    3  exit
    4  sudo yum -y groupinstall "development tools"
    5  sudo yum -y install epel-release wget
    6  sudo wget http://rpms.famillecollet.com/enterprise/remi-release-7.rpm
    7  sudo rpm -Uvh remi-release-7.rpm
    8  sudo yum -y install --enablerepo=remi-php72 php php-pdo php-mysqlnd php-mbstring php-xml php-fpm php-common php-devel php-mysql unzip
    9  php -v
   10  php -r "copy('https://getcomposer.org/installer', 'composer-setup.php');"
   11  php composer-setup.php
   12  php -r "unlink('composer-setup.php');"
   13  sudo mv composer.phar /usr/local/bin/composer
   14  composer -v
   15  ls /
   16  ls /usr
   17  pwd
   18  cd /vagrant
   19  pwd
   20  cd /vagrant
   21  ls /home
   22  cd /vagrant
   23  ls /
   24  vagrant reload
   25  vagrant halt
   26  exit
   27  ls /
   28  cd /vagrant
   29  mkdir server_lesson && cd server_lesson
   30  git init
   31  touch first.txt
   32  cd /vagrant
   33  mkdir -p server_lesson/linux_practice/public
   34  ls server_lesson server_lesson/linux_practice
   35  cd /vagrant
   36  touch server_lesson/linux_practice/public/index.php
   37  ls server_lesson/linux_practice/public
   38  cd /vagrant/server_lesson && ls
   39  cd /vagrant/server_lesson/linux_practice/public
   40  cp index.php index_bk.php
   41  ls
   42  cd /vagrant/server_lesson/linux_practice
   43  cp -r public tmp
   44  ls ./ public tmp
   45  cd /vagrant
   46  mv server_lesson/linux_practice server_lesson/linux_practice1
   47  mkdir linux_practice2 linux_practice3
   48  mv ./linux_practice2 ./server_lesson
   49  cd /vagrant/server_lesson/linux_practice1/tmp/
   50  rm *_bk.php
   51  cd /vagrant
   52  rm server_lesson/first.txt
   53  rm -r linux_practice3
   54  ls server_lesson
   55  cd /vagrant/server_lesson
   56  echo '# サーバレッスン' > README.md
   57  echo 'Linuxプラクティス' >> README.md
   58  echo '-----------------' >> README.md
   59  cat README.md
   60  cd /vagrant/server_lesson
   61  vi README.md
   62  cd /vagrant
   63  git status
   64  cd server_lesson
   65  git status
   66  git add
   67  git status
   68  git add
   69  git add -all
   70  git add all
   71  git init
   72  git status
   73  git add
   74  git add .
   75  git add
   76  git add .
   77  git status
   78  git commit -m 'first commit'
   79  git status
   80  git remote add origin https://github.com/TakuroTerui/server_lesson.git
   81  git remote -v
   82  git push origin master
   83  cd linux_practice2
   84  ls
   85  mkdir documents
   86  cd documents
   87  ls
   88  i=0
   89  while [ $i -ne 10 ]; do   echo $i回目;   i=`expr 1 + $i`; done
   90  i=0
   91  while [ $i -ne 10 ]; do   echo $i回目;   i=`expr 1 + $i`; i=0; 
   92  while [ $i -ne 50 ]; do   touch gizumo$i.md;   i=`expr 1 + $i`; done
   93  cd /vagrant/server_lesson
   94  cd linux_practice2 
   95  mkdir trash
   96  cd trash
   97  mv server_lesson/linux_practice2/documents/gizumo20.md server_lesson/linux_practice2/trash/gizumo20.md
   98  mv /server_lesson/linux_practice2/documents/gizumo20.md /server_lesson/linux_practice2/trash/gizumo20.md
   99  cd /vagrtant
  100  cd /vagrant
  101  ls
  102  cd server_lesson
  103  ls
  104  cd linux_practice2
  105  ls
  106  documents
  107  mv gizumo20.md ../trash
  108  cd documents
  109  mv gizumo20.md ../trash
  110  i=21
  111  while [ $i -ne 41 ]; do   mv gizumo$i.md ../trash;   i=`expr 1 + $i`; done
  112  cd /vagrant
  113  cd server_lesson
  114  ls
  115  cd linux_practice2
  116  mkdir .gitignore
  117  touch .gitignore
  118  ls
  119  touch .gitignore
  120  touch null_file
  121  touch .gitignore
  122  ls
  123  vi .gitignore
  124  history 300
  125  history >> exec_command.log
  126  history 300 >> exec_command.log
